<?xml version="1.0" encoding="UTF-8"?>
<robot generator="Robot 3.1.2 (Python 3.6.5 on win32)" generated="20190916 10:53:25.375" rpa="false">
<suite id="s1" name="Test" source="c:\Work\test project\github\mysite\test.robot">
<test id="s1-t1" name="User can create an account and log in">
<kw name="Create valid user">
<arguments>
<arg>testname2</arg>
<arg>P6ssW0rd</arg>
</arguments>
<kw name="Create User" library="LoginLibrary">
<arguments>
<arg>${username}</arg>
<arg>${password}</arg>
</arguments>
<status status="PASS" starttime="20190916 10:53:25.455" endtime="20190916 10:53:25.729"></status>
</kw>
<kw name="Status Should Be" library="LoginLibrary">
<arguments>
<arg>SUCCESS</arg>
</arguments>
<msg timestamp="20190916 10:53:25.732" level="FAIL">Expected status to be 'SUCCESS' but was 'b'SUCCESS''</msg>
<status status="FAIL" starttime="20190916 10:53:25.730" endtime="20190916 10:53:25.732"></status>
</kw>
<status status="FAIL" starttime="20190916 10:53:25.454" endtime="20190916 10:53:25.732"></status>
</kw>
<status status="FAIL" starttime="20190916 10:53:25.453" endtime="20190916 10:53:25.733" critical="yes">Expected status to be 'SUCCESS' but was 'b'SUCCESS''</status>
</test>
<status status="FAIL" starttime="20190916 10:53:25.380" endtime="20190916 10:53:25.735"></status>
</suite>
<statistics>
<total>
<stat pass="0" fail="1">Critical Tests</stat>
<stat pass="0" fail="1">All Tests</stat>
</total>
<tag>
</tag>
<suite>
<stat pass="0" fail="1" id="s1" name="Test">Test</stat>
</suite>
</statistics>
<errors>
</errors>
</robot>
