<?xml version="1.0" encoding="UTF-8"?>
<robot generator="Robot 3.1.2 (Python 3.6.5 on win32)" generated="20190926 15:20:37.093" rpa="false">
<suite id="s1" name="Robotguide" source="c:\Work\test project\github\mysite\robotguide.robot">
<test id="s1-t1" name="My Test">
<kw name="Should Be Equal" library="BuiltIn">
<doc>Fails if the given objects are unequal.</doc>
<arguments>
<arg>void</arg>
<arg>void</arg>
</arguments>
<status status="PASS" starttime="20190926 15:20:37.154" endtime="20190926 15:20:37.155"></status>
</kw>
<kw name="Should Be Equal" library="BuiltIn">
<doc>Fails if the given objects are unequal.</doc>
<arguments>
<arg>ExampleLib.void_command()</arg>
<arg>void</arg>
</arguments>
<msg timestamp="20190926 15:20:37.155" level="FAIL">ExampleLib.void_command() != void</msg>
<status status="FAIL" starttime="20190926 15:20:37.155" endtime="20190926 15:20:37.156"></status>
</kw>
<status status="FAIL" starttime="20190926 15:20:37.150" endtime="20190926 15:20:37.156" critical="yes">ExampleLib.void_command() != void</status>
</test>
<status status="FAIL" starttime="20190926 15:20:37.098" endtime="20190926 15:20:37.158"></status>
</suite>
<statistics>
<total>
<stat pass="0" fail="1">Critical Tests</stat>
<stat pass="0" fail="1">All Tests</stat>
</total>
<tag>
</tag>
<suite>
<stat pass="0" fail="1" id="s1" name="Robotguide">Robotguide</stat>
</suite>
</statistics>
<errors>
<msg timestamp="20190926 15:20:37.144" level="ERROR">Error in file 'c:\Work\test project\github\mysite\robotguide.robot': Replacing variables from setting 'Library' failed: Variable '${root}' not found.</msg>
</errors>
</robot>
